10:02:35,513 DEBUG rootLogger:49 - Logs initialized
10:02:35,529 DEBUG rootLogger:50 - Suite Started
10:03:10,391 DEBUG rootLogger:58 - REGISTRATION Started
10:03:10,537 DEBUG rootLogger:20 - HomePage Initialized.
10:03:10,553 DEBUG rootLogger:33 - HomePage Initialized.
10:03:27,215 DEBUG rootLogger:36 - REGISTRATIONFailed
10:03:30,366 DEBUG rootLogger:91 - Driver quit.
10:04:01,592 DEBUG rootLogger:58 - INVALIDSIGNIN Started
10:04:01,593 DEBUG rootLogger:20 - HomePage Initialized.
10:04:01,610 DEBUG rootLogger:17 - HomePage Initialized.
10:04:28,920 DEBUG rootLogger:36 - INVALIDSIGNINFailed
10:04:28,936 ERROR rootLogger:40 - Issue with taking screenshot: no such window: target window already closed
from unknown error: web view not found
  (Session info: chrome=78.0.3904.108)
Build info: version: '3.141.59', revision: 'e82be7d358', time: '2018-11-14T08:17:03'
System info: host: 'DESKTOP-PCG3QI7', ip: '192.168.2.2', os.name: 'Windows 10', os.arch: 'amd64', os.version: '10.0', java.version: '1.8.0_161'
Driver info: org.openqa.selenium.chrome.ChromeDriver
Capabilities {acceptInsecureCerts: false, browserName: chrome, browserVersion: 78.0.3904.108, chrome: {chromedriverVersion: 78.0.3904.105 (60e2d8774a81..., userDataDir: C:\Users\HP\AppData\Local\T...}, goog:chromeOptions: {debuggerAddress: localhost:51147}, javascriptEnabled: true, networkConnectionEnabled: false, pageLoadStrategy: normal, platform: XP, platformName: XP, proxy: Proxy(), setWindowRect: true, strictFileInteractability: false, timeouts: {implicit: 0, pageLoad: 300000, script: 30000}, unhandledPromptBehavior: dismiss and notify}
Session ID: 372eed79e5928acfa4922078dcd25c1e
10:04:29,249 ERROR rootLogger:40 - Issue with taking screenshot: no such window: target window already closed
from unknown error: web view not found
  (Session info: chrome=78.0.3904.108)
Build info: version: '3.141.59', revision: 'e82be7d358', time: '2018-11-14T08:17:03'
System info: host: 'DESKTOP-PCG3QI7', ip: '192.168.2.2', os.name: 'Windows 10', os.arch: 'amd64', os.version: '10.0', java.version: '1.8.0_161'
Driver info: org.openqa.selenium.chrome.ChromeDriver
Capabilities {acceptInsecureCerts: false, browserName: chrome, browserVersion: 78.0.3904.108, chrome: {chromedriverVersion: 78.0.3904.105 (60e2d8774a81..., userDataDir: C:\Users\HP\AppData\Local\T...}, goog:chromeOptions: {debuggerAddress: localhost:51147}, javascriptEnabled: true, networkConnectionEnabled: false, pageLoadStrategy: normal, platform: XP, platformName: XP, proxy: Proxy(), setWindowRect: true, strictFileInteractability: false, timeouts: {implicit: 0, pageLoad: 300000, script: 30000}, unhandledPromptBehavior: dismiss and notify}
Session ID: 372eed79e5928acfa4922078dcd25c1e
10:04:30,739 DEBUG rootLogger:91 - Driver quit.
10:05:01,561 DEBUG rootLogger:58 - GALACTIOLAUNCH Started
10:05:01,562 DEBUG rootLogger:20 - HomePage Initialized.
10:05:11,963 DEBUG rootLogger:91 - Driver quit.
10:05:52,659 DEBUG rootLogger:58 - GPSNAVIGATIONLAUNCH Started
10:05:52,660 DEBUG rootLogger:20 - HomePage Initialized.
10:06:02,460 DEBUG rootLogger:91 - Driver quit.
10:06:02,596 DEBUG cache:45 - Couldn't find template in cache for "index.ftl"("en", UTF-8, parsed); will try to load it.
10:06:02,660 DEBUG cache:45 - TemplateLoader.findTemplateSource("index_en.ftl"): Not found
10:06:02,660 DEBUG cache:45 - TemplateLoader.findTemplateSource("index.ftl"): Found
10:06:02,660 DEBUG cache:45 - Loading template for "index.ftl"("en", UTF-8, parsed) from "jar:file:/C:/Users/HP/.m2/repository/com/aventstack/extentreports/3.1.3/extentreports-3.1.3.jar!/com/aventstack/extentreports/view/html-report/index.ftl"
10:06:03,463 DEBUG cache:45 - Couldn't find template in cache for "head.ftl"("en", UTF-8, parsed); will try to load it.
10:06:03,463 DEBUG cache:45 - TemplateLoader.findTemplateSource("head_en.ftl"): Not found
10:06:03,463 DEBUG cache:45 - TemplateLoader.findTemplateSource("head.ftl"): Found
10:06:03,463 DEBUG cache:45 - Loading template for "head.ftl"("en", UTF-8, parsed) from "jar:file:/C:/Users/HP/.m2/repository/com/aventstack/extentreports/3.1.3/extentreports-3.1.3.jar!/com/aventstack/extentreports/view/html-report/head.ftl"
10:06:03,463 DEBUG cache:45 - Couldn't find template in cache for "nav.ftl"("en", UTF-8, parsed); will try to load it.
10:06:03,463 DEBUG cache:45 - TemplateLoader.findTemplateSource("nav_en.ftl"): Not found
10:06:03,478 DEBUG cache:45 - TemplateLoader.findTemplateSource("nav.ftl"): Found
10:06:03,478 DEBUG cache:45 - Loading template for "nav.ftl"("en", UTF-8, parsed) from "jar:file:/C:/Users/HP/.m2/repository/com/aventstack/extentreports/3.1.3/extentreports-3.1.3.jar!/com/aventstack/extentreports/view/html-report/nav.ftl"
10:06:03,556 DEBUG cache:45 - Couldn't find template in cache for "test-view/test-view.ftl"("en", UTF-8, parsed); will try to load it.
10:06:03,556 DEBUG cache:45 - TemplateLoader.findTemplateSource("test-view/test-view_en.ftl"): Not found
10:06:03,556 DEBUG cache:45 - TemplateLoader.findTemplateSource("test-view/test-view.ftl"): Found
10:06:03,556 DEBUG cache:45 - Loading template for "test-view/test-view.ftl"("en", UTF-8, parsed) from "jar:file:/C:/Users/HP/.m2/repository/com/aventstack/extentreports/3.1.3/extentreports-3.1.3.jar!/com/aventstack/extentreports/view/html-report/test-view/test-view.ftl"
10:06:03,556 DEBUG cache:45 - Couldn't find template in cache for "test-view/test-view-charts.ftl"("en", UTF-8, parsed); will try to load it.
10:06:03,556 DEBUG cache:45 - TemplateLoader.findTemplateSource("test-view/test-view-charts_en.ftl"): Not found
10:06:03,556 DEBUG cache:45 - TemplateLoader.findTemplateSource("test-view/test-view-charts.ftl"): Found
10:06:03,556 DEBUG cache:45 - Loading template for "test-view/test-view-charts.ftl"("en", UTF-8, parsed) from "jar:file:/C:/Users/HP/.m2/repository/com/aventstack/extentreports/3.1.3/extentreports-3.1.3.jar!/com/aventstack/extentreports/view/html-report/test-view/test-view-charts.ftl"
10:06:03,634 DEBUG cache:45 - Couldn't find template in cache for "test-view/standard.ftl"("en", UTF-8, parsed); will try to load it.
10:06:03,634 DEBUG cache:45 - TemplateLoader.findTemplateSource("test-view/standard_en.ftl"): Not found
10:06:03,634 DEBUG cache:45 - TemplateLoader.findTemplateSource("test-view/standard.ftl"): Found
10:06:03,634 DEBUG cache:45 - Loading template for "test-view/standard.ftl"("en", UTF-8, parsed) from "jar:file:/C:/Users/HP/.m2/repository/com/aventstack/extentreports/3.1.3/extentreports-3.1.3.jar!/com/aventstack/extentreports/view/html-report/test-view/standard.ftl"
10:06:03,665 DEBUG cache:45 - "test-view/standard.ftl"("en", UTF-8, parsed) cached copy not yet stale; using cached.
10:06:03,665 DEBUG cache:45 - "test-view/standard.ftl"("en", UTF-8, parsed) cached copy not yet stale; using cached.
10:06:03,665 DEBUG cache:45 - "test-view/standard.ftl"("en", UTF-8, parsed) cached copy not yet stale; using cached.
10:06:03,665 DEBUG cache:45 - Couldn't find template in cache for "category-view/category-view.ftl"("en", UTF-8, parsed); will try to load it.
10:06:03,681 DEBUG cache:45 - TemplateLoader.findTemplateSource("category-view/category-view_en.ftl"): Not found
10:06:03,681 DEBUG cache:45 - TemplateLoader.findTemplateSource("category-view/category-view.ftl"): Found
10:06:03,681 DEBUG cache:45 - Loading template for "category-view/category-view.ftl"("en", UTF-8, parsed) from "jar:file:/C:/Users/HP/.m2/repository/com/aventstack/extentreports/3.1.3/extentreports-3.1.3.jar!/com/aventstack/extentreports/view/html-report/category-view/category-view.ftl"
10:06:03,681 DEBUG cache:45 - Couldn't find template in cache for "author-view/author-view.ftl"("en", UTF-8, parsed); will try to load it.
10:06:03,697 DEBUG cache:45 - TemplateLoader.findTemplateSource("author-view/author-view_en.ftl"): Not found
10:06:03,697 DEBUG cache:45 - TemplateLoader.findTemplateSource("author-view/author-view.ftl"): Found
10:06:03,697 DEBUG cache:45 - Loading template for "author-view/author-view.ftl"("en", UTF-8, parsed) from "jar:file:/C:/Users/HP/.m2/repository/com/aventstack/extentreports/3.1.3/extentreports-3.1.3.jar!/com/aventstack/extentreports/view/html-report/author-view/author-view.ftl"
10:06:03,697 DEBUG cache:45 - Couldn't find template in cache for "exception-view/exception-view.ftl"("en", UTF-8, parsed); will try to load it.
10:06:03,697 DEBUG cache:45 - TemplateLoader.findTemplateSource("exception-view/exception-view_en.ftl"): Not found
10:06:03,697 DEBUG cache:45 - TemplateLoader.findTemplateSource("exception-view/exception-view.ftl"): Found
10:06:03,697 DEBUG cache:45 - Loading template for "exception-view/exception-view.ftl"("en", UTF-8, parsed) from "jar:file:/C:/Users/HP/.m2/repository/com/aventstack/extentreports/3.1.3/extentreports-3.1.3.jar!/com/aventstack/extentreports/view/html-report/exception-view/exception-view.ftl"
10:06:03,697 DEBUG cache:45 - Couldn't find template in cache for "dashboard-view/dashboard-view.ftl"("en", UTF-8, parsed); will try to load it.
10:06:03,712 DEBUG cache:45 - TemplateLoader.findTemplateSource("dashboard-view/dashboard-view_en.ftl"): Not found
10:06:03,712 DEBUG cache:45 - TemplateLoader.findTemplateSource("dashboard-view/dashboard-view.ftl"): Found
10:06:03,712 DEBUG cache:45 - Loading template for "dashboard-view/dashboard-view.ftl"("en", UTF-8, parsed) from "jar:file:/C:/Users/HP/.m2/repository/com/aventstack/extentreports/3.1.3/extentreports-3.1.3.jar!/com/aventstack/extentreports/view/html-report/dashboard-view/dashboard-view.ftl"
10:06:03,712 DEBUG cache:45 - Couldn't find template in cache for "logs-view/testrunner-logs-view.ftl"("en", UTF-8, parsed); will try to load it.
10:06:03,712 DEBUG cache:45 - TemplateLoader.findTemplateSource("logs-view/testrunner-logs-view_en.ftl"): Not found
10:06:03,712 DEBUG cache:45 - TemplateLoader.findTemplateSource("logs-view/testrunner-logs-view.ftl"): Found
10:06:03,728 DEBUG cache:45 - Loading template for "logs-view/testrunner-logs-view.ftl"("en", UTF-8, parsed) from "jar:file:/C:/Users/HP/.m2/repository/com/aventstack/extentreports/3.1.3/extentreports-3.1.3.jar!/com/aventstack/extentreports/view/html-report/logs-view/testrunner-logs-view.ftl"
10:06:03,728 DEBUG rootLogger:97 - Report Flushed
10:06:03,728 DEBUG rootLogger:98 - Suite ended
